<?xml version="1.0" encoding="UTF-8"?>
<!-- Generated by org.testng.reporters.JUnitReportReporter -->
<testsuite skipped="0" hostname="LAPTOP-0HFMUK50" name="com.utility.DataProvider1" tests="4" failures="0" timestamp="26 Mar 2023 12:02:40 GMT" time="0.028" errors="0">
  <testcase name="test1" time="0.008" classname="com.utility.DataProvider1"/>
  <testcase name="test1" time="0.020" classname="com.utility.DataProvider1"/>
  <testcase name="test1" time="0.000" classname="com.utility.DataProvider1"/>
  <testcase name="test1" time="0.000" classname="com.utility.DataProvider1"/>
</testsuite> <!-- com.utility.DataProvider1 -->
