<?xml version="1.0" encoding="UTF-8"?>
<!-- Generated by org.testng.reporters.JUnitReportReporter -->
<testsuite skipped="0" hostname="LAPTOP-0HFMUK50" name="com.mystore.testcases.CartPageTest" tests="1" failures="0" timestamp="27 Mar 2023 13:42:34 GMT" time="4.203" errors="0">
  <testcase name="addtocart" time="4.203" classname="com.mystore.testcases.CartPageTest"/>
</testsuite> <!-- com.mystore.testcases.CartPageTest -->
