<?xml version="1.0" encoding="UTF-8"?>
<!-- Generated by org.testng.reporters.JUnitReportReporter -->
<testsuite skipped="0" hostname="LAPTOP-0HFMUK50" name="com.BaseClass.BaseClass" tests="1" failures="0" timestamp="24 Mar 2023 06:37:43 GMT" time="0.006" errors="0">
  <testcase name="launchApp" time="0.006" classname="com.BaseClass.BaseClass"/>
</testsuite> <!-- com.BaseClass.BaseClass -->
