<?xml version="1.0" encoding="UTF-8"?>
<!-- Generated by org.testng.reporters.JUnitReportReporter -->
<testsuite skipped="0" hostname="LAPTOP-0HFMUK50" name="com.mystore.testcases.IndexPageTest" tests="1" failures="0" timestamp="26 Mar 2023 12:09:37 GMT" time="4.153" errors="0">
  <testcase name="loginTest" time="4.153" classname="com.mystore.testcases.IndexPageTest"/>
</testsuite> <!-- com.mystore.testcases.IndexPageTest -->
